

Started GET "/" for 127.0.0.1 at 2016-08-24 11:47:13 -0700
Processing by Rails::WelcomeController#index as HTML
  Rendered /Users/apprentice/.rbenv/versions/2.2.5/lib/ruby/gems/2.2.0/gems/railties-4.1.4/lib/rails/templates/rails/welcome/index.html.erb (2.3ms)
Completed 200 OK in 87ms (Views: 32.5ms | ActiveRecord: 0.0ms)


Started GET "/" for 127.0.0.1 at 2016-08-24 11:57:33 -0700
Processing by WelcomeController#index as HTML
  Rendered welcome/index.html.erb within layouts/application (0.3ms)
Completed 200 OK in 802ms (Views: 802.0ms | ActiveRecord: 0.0ms)


Started GET "/assets/welcome.css?body=1" for 127.0.0.1 at 2016-08-24 11:57:34 -0700


Started GET "/assets/application.js?body=1" for 127.0.0.1 at 2016-08-24 11:57:34 -0700


Started GET "/assets/welcome.js?body=1" for 127.0.0.1 at 2016-08-24 11:57:34 -0700


Started GET "/assets/application.css?body=1" for 127.0.0.1 at 2016-08-24 11:57:34 -0700


Started GET "/assets/jquery.js?body=1" for 127.0.0.1 at 2016-08-24 11:57:34 -0700


Started GET "/assets/turbolinks.js?body=1" for 127.0.0.1 at 2016-08-24 11:57:34 -0700


Started GET "/assets/jquery_ujs.js?body=1" for 127.0.0.1 at 2016-08-24 11:57:34 -0700


Started GET "/" for 127.0.0.1 at 2016-08-24 17:13:16 -0700

ActiveRecord::PendingMigrationError (

Migrations are pending. To resolve this issue, run:

	bin/rake db:migrate RAILS_ENV=development

):
  activerecord (4.1.4) lib/active_record/migration.rb:389:in `check_pending!'
  activerecord (4.1.4) lib/active_record/migration.rb:377:in `call'
  actionpack (4.1.4) lib/action_dispatch/middleware/callbacks.rb:29:in `block in call'
  activesupport (4.1.4) lib/active_support/callbacks.rb:82:in `run_callbacks'
  actionpack (4.1.4) lib/action_dispatch/middleware/callbacks.rb:27:in `call'
  actionpack (4.1.4) lib/action_dispatch/middleware/reloader.rb:73:in `call'
  actionpack (4.1.4) lib/action_dispatch/middleware/remote_ip.rb:76:in `call'
  actionpack (4.1.4) lib/action_dispatch/middleware/debug_exceptions.rb:17:in `call'
  actionpack (4.1.4) lib/action_dispatch/middleware/show_exceptions.rb:30:in `call'
  railties (4.1.4) lib/rails/rack/logger.rb:38:in `call_app'
  railties (4.1.4) lib/rails/rack/logger.rb:20:in `block in call'
  activesupport (4.1.4) lib/active_support/tagged_logging.rb:68:in `block in tagged'
  activesupport (4.1.4) lib/active_support/tagged_logging.rb:26:in `tagged'
  activesupport (4.1.4) lib/active_support/tagged_logging.rb:68:in `tagged'
  railties (4.1.4) lib/rails/rack/logger.rb:20:in `call'
  actionpack (4.1.4) lib/action_dispatch/middleware/request_id.rb:21:in `call'
  rack (1.5.5) lib/rack/methodoverride.rb:21:in `call'
  rack (1.5.5) lib/rack/runtime.rb:17:in `call'
  activesupport (4.1.4) lib/active_support/cache/strategy/local_cache_middleware.rb:26:in `call'
  rack (1.5.5) lib/rack/lock.rb:17:in `call'
  actionpack (4.1.4) lib/action_dispatch/middleware/static.rb:64:in `call'
  rack (1.5.5) lib/rack/sendfile.rb:112:in `call'
  railties (4.1.4) lib/rails/engine.rb:514:in `call'
  railties (4.1.4) lib/rails/application.rb:144:in `call'
  rack (1.5.5) lib/rack/lock.rb:17:in `call'
  rack (1.5.5) lib/rack/content_length.rb:14:in `call'
  rack (1.5.5) lib/rack/handler/webrick.rb:60:in `service'
  /Users/maiki/.rbenv/versions/2.2.2/lib/ruby/2.2.0/webrick/httpserver.rb:138:in `service'
  /Users/maiki/.rbenv/versions/2.2.2/lib/ruby/2.2.0/webrick/httpserver.rb:94:in `run'
  /Users/maiki/.rbenv/versions/2.2.2/lib/ruby/2.2.0/webrick/server.rb:294:in `block in start_thread'


  Rendered /Users/maiki/.rbenv/versions/2.2.2/lib/ruby/gems/2.2.0/gems/actionpack-4.1.4/lib/action_dispatch/middleware/templates/rescues/_source.erb (0.9ms)
  Rendered /Users/maiki/.rbenv/versions/2.2.2/lib/ruby/gems/2.2.0/gems/actionpack-4.1.4/lib/action_dispatch/middleware/templates/rescues/_trace.html.erb (1.6ms)
  Rendered /Users/maiki/.rbenv/versions/2.2.2/lib/ruby/gems/2.2.0/gems/actionpack-4.1.4/lib/action_dispatch/middleware/templates/rescues/_request_and_response.html.erb (1.3ms)
  Rendered /Users/maiki/.rbenv/versions/2.2.2/lib/ruby/gems/2.2.0/gems/actionpack-4.1.4/lib/action_dispatch/middleware/templates/rescues/diagnostics.erb within rescues/layout (141.1ms)
  [1m[36m (2.9ms)[0m  [1mCREATE TABLE "schema_migrations" ("version" varchar(255) NOT NULL) [0m
  [1m[35m (0.2ms)[0m  select sqlite_version(*)
  [1m[36m (2.5ms)[0m  [1mCREATE UNIQUE INDEX "unique_schema_migrations" ON "schema_migrations" ("version")[0m
  [1m[35mActiveRecord::SchemaMigration Load (0.2ms)[0m  SELECT "schema_migrations".* FROM "schema_migrations"
Migrating to CreateUsers (20160824233252)
  [1m[36m (0.1ms)[0m  [1mbegin transaction[0m
  [1m[35m (0.7ms)[0m  CREATE TABLE "users" ("id" INTEGER PRIMARY KEY AUTOINCREMENT NOT NULL, "last_name" varchar(255), "first_name" varchar(255), "email" varchar(255), "password_digest" varchar(255), "created_at" datetime, "updated_at" datetime) 
  [1m[36mSQL (0.3ms)[0m  [1mINSERT INTO "schema_migrations" ("version") VALUES (?)[0m  [["version", "20160824233252"]]
  [1m[35m (2.9ms)[0m  commit transaction
Migrating to CreateRecipes (20160824234341)
  [1m[36m (0.1ms)[0m  [1mbegin transaction[0m
  [1m[35m (0.6ms)[0m  CREATE TABLE "recipes" ("id" INTEGER PRIMARY KEY AUTOINCREMENT NOT NULL, "name" varchar(255), "description" varchar(255), "category_id" integer, "user_id" integer, "days_on_menu" integer, "created_at" datetime, "updated_at" datetime) 
  [1m[36mSQL (0.2ms)[0m  [1mINSERT INTO "schema_migrations" ("version") VALUES (?)[0m  [["version", "20160824234341"]]
  [1m[35m (3.0ms)[0m  commit transaction
Migrating to CreateRatings (20160824234523)
  [1m[36m (0.1ms)[0m  [1mbegin transaction[0m
  [1m[35m (0.5ms)[0m  CREATE TABLE "ratings" ("id" INTEGER PRIMARY KEY AUTOINCREMENT NOT NULL, "rating" integer, "recipe_id" integer, "user_id" integer, "created_at" datetime, "updated_at" datetime) 
  [1m[36mSQL (0.2ms)[0m  [1mINSERT INTO "schema_migrations" ("version") VALUES (?)[0m  [["version", "20160824234523"]]
  [1m[35m (2.2ms)[0m  commit transaction
Migrating to CreateSoldDishes (20160824234700)
  [1m[36m (0.2ms)[0m  [1mbegin transaction[0m
  [1m[35m (0.5ms)[0m  CREATE TABLE "sold_dishes" ("id" INTEGER PRIMARY KEY AUTOINCREMENT NOT NULL, "price_sold" integer, "recipe_id" integer, "number_sold" integer, "created_at" datetime, "updated_at" datetime) 
  [1m[36mSQL (0.3ms)[0m  [1mINSERT INTO "schema_migrations" ("version") VALUES (?)[0m  [["version", "20160824234700"]]
  [1m[35m (1.9ms)[0m  commit transaction
Migrating to CreateCategories (20160824235009)
  [1m[36m (0.1ms)[0m  [1mbegin transaction[0m
  [1m[35m (0.5ms)[0m  CREATE TABLE "categories" ("id" INTEGER PRIMARY KEY AUTOINCREMENT NOT NULL, "category_name" varchar(255), "created_at" datetime, "updated_at" datetime) 
  [1m[36mSQL (0.2ms)[0m  [1mINSERT INTO "schema_migrations" ("version") VALUES (?)[0m  [["version", "20160824235009"]]
  [1m[35m (2.1ms)[0m  commit transaction
  [1m[36mActiveRecord::SchemaMigration Load (0.1ms)[0m  [1mSELECT "schema_migrations".* FROM "schema_migrations"[0m


Started GET "/" for 127.0.0.1 at 2016-08-24 17:14:01 -0700
  [1m[36mActiveRecord::SchemaMigration Load (0.1ms)[0m  [1mSELECT "schema_migrations".* FROM "schema_migrations"[0m
Processing by WelcomeController#index as HTML
  Rendered welcome/index.html.erb within layouts/application (1.1ms)
Completed 200 OK in 2582ms (Views: 2523.5ms | ActiveRecord: 0.0ms)


Started GET "/assets/recipes.css?body=1" for 127.0.0.1 at 2016-08-24 17:14:04 -0700


Started GET "/assets/jquery.js?body=1" for 127.0.0.1 at 2016-08-24 17:14:04 -0700


Started GET "/assets/welcome.css?body=1" for 127.0.0.1 at 2016-08-24 17:14:04 -0700


Started GET "/assets/application.css?body=1" for 127.0.0.1 at 2016-08-24 17:14:04 -0700


Started GET "/assets/users.css?body=1" for 127.0.0.1 at 2016-08-24 17:14:04 -0700


Started GET "/assets/jquery_ujs.js?body=1" for 127.0.0.1 at 2016-08-24 17:14:04 -0700


Started GET "/assets/turbolinks.js?body=1" for 127.0.0.1 at 2016-08-24 17:14:04 -0700


Started GET "/assets/recipes.js?body=1" for 127.0.0.1 at 2016-08-24 17:14:04 -0700


Started GET "/assets/users.js?body=1" for 127.0.0.1 at 2016-08-24 17:14:04 -0700


Started GET "/assets/application.js?body=1" for 127.0.0.1 at 2016-08-24 17:14:04 -0700


Started GET "/assets/welcome.js?body=1" for 127.0.0.1 at 2016-08-24 17:14:04 -0700


Started GET "/login" for 127.0.0.1 at 2016-08-24 17:14:06 -0700
Processing by SessionsController#new as HTML
  Rendered sessions/new.html.erb within layouts/application (1.6ms)
Completed 200 OK in 105ms (Views: 103.8ms | ActiveRecord: 0.0ms)


Started GET "/signup" for 127.0.0.1 at 2016-08-24 17:14:10 -0700
Processing by UsersController#new as HTML
  Rendered users/new.html.erb within layouts/application (64.6ms)
Completed 200 OK in 168ms (Views: 167.4ms | ActiveRecord: 0.0ms)


Started GET "/login" for 127.0.0.1 at 2016-08-24 17:14:13 -0700
Processing by SessionsController#new as HTML
  Rendered sessions/new.html.erb within layouts/application (0.6ms)
Completed 200 OK in 104ms (Views: 103.4ms | ActiveRecord: 0.0ms)


Started GET "/signup" for 127.0.0.1 at 2016-08-24 17:14:15 -0700
Processing by UsersController#new as HTML
  Rendered users/new.html.erb within layouts/application (13.9ms)
Completed 200 OK in 108ms (Views: 107.5ms | ActiveRecord: 0.0ms)


Started POST "/users" for 127.0.0.1 at 2016-08-24 17:14:27 -0700
Processing by UsersController#create as HTML
  Parameters: {"utf8"=>"✓", "authenticity_token"=>"e1QBESB6n24jCpvbFfwTN9N+bqbrJukWbOzOtKj8Dns=", "user"=>{"name"=>"testname", "email"=>"test@test.com", "password"=>"[FILTERED]", "password_confirmation"=>"[FILTERED]"}, "commit"=>"Submit"}
Unpermitted parameters: name
  [1m[35m (0.1ms)[0m  begin transaction
Binary data inserted for `string` type on column `password_digest`
  [1m[36mSQL (0.7ms)[0m  [1mINSERT INTO "users" ("created_at", "email", "password_digest", "updated_at") VALUES (?, ?, ?, ?)[0m  [["created_at", "2016-08-25 00:14:28.039908"], ["email", "test@test.com"], ["password_digest", "$2a$10$H703d6rucX8RdV2w/kW0JeoL9LjIcayv3JpwJooqEpMg87/QS5doq"], ["updated_at", "2016-08-25 00:14:28.039908"]]
  [1m[35m (20.5ms)[0m  commit transaction
Redirected to http://localhost:3000/
Completed 302 Found in 459ms (ActiveRecord: 22.1ms)


Started GET "/" for 127.0.0.1 at 2016-08-24 17:14:28 -0700
Processing by WelcomeController#index as HTML
  Rendered welcome/index.html.erb within layouts/application (0.1ms)
  [1m[36mUser Load (0.3ms)[0m  [1mSELECT  "users".* FROM "users"  WHERE "users"."id" = ? LIMIT 1[0m  [["id", 1]]
Completed 500 Internal Server Error in 95ms

ActionView::Template::Error (undefined method `name' for #<User:0x007fb99ad11248>):
     9: <body>
    10: 
    11: <% if current_user %>
    12:   Signed in as <%= current_user.name %> | <%= link_to "Logout", '/logout' %>
    13: <% else %>
    14:   <%= link_to 'Login', '/login' %> | <%= link_to 'Signup', '/signup' %>
    15: <% end %>
  app/views/layouts/application.html.erb:12:in `_app_views_layouts_application_html_erb__113076528448241589_70217568375940'


  Rendered /Users/maiki/.rbenv/versions/2.2.2/lib/ruby/gems/2.2.0/gems/actionpack-4.1.4/lib/action_dispatch/middleware/templates/rescues/_trace.html.erb (1.9ms)
  Rendered /Users/maiki/.rbenv/versions/2.2.2/lib/ruby/gems/2.2.0/gems/actionpack-4.1.4/lib/action_dispatch/middleware/templates/rescues/_request_and_response.html.erb (1.4ms)
  Rendered /Users/maiki/.rbenv/versions/2.2.2/lib/ruby/gems/2.2.0/gems/actionpack-4.1.4/lib/action_dispatch/middleware/templates/rescues/template_error.html.erb within rescues/layout (99.3ms)


Started GET "/" for 127.0.0.1 at 2016-08-24 17:14:53 -0700
Processing by WelcomeController#index as HTML
  Rendered welcome/index.html.erb within layouts/application (0.1ms)
  [1m[35mUser Load (0.1ms)[0m  SELECT  "users".* FROM "users"  WHERE "users"."id" = ? LIMIT 1  [["id", 1]]
Completed 500 Internal Server Error in 81ms

ActionView::Template::Error (undefined method `username' for #<User:0x007fb99cc42a18>):
     9: <body>
    10: 
    11: <% if current_user %>
    12:   Signed in as <%= current_user.username %> | <%= link_to "Logout", '/logout' %>
    13: <% else %>
    14:   <%= link_to 'Login', '/login' %> | <%= link_to 'Signup', '/signup' %>
    15: <% end %>
  app/views/layouts/application.html.erb:12:in `_app_views_layouts_application_html_erb__113076528448241589_70217569410760'


  Rendered /Users/maiki/.rbenv/versions/2.2.2/lib/ruby/gems/2.2.0/gems/actionpack-4.1.4/lib/action_dispatch/middleware/templates/rescues/_trace.html.erb (2.0ms)
  Rendered /Users/maiki/.rbenv/versions/2.2.2/lib/ruby/gems/2.2.0/gems/actionpack-4.1.4/lib/action_dispatch/middleware/templates/rescues/_request_and_response.html.erb (1.5ms)
  Rendered /Users/maiki/.rbenv/versions/2.2.2/lib/ruby/gems/2.2.0/gems/actionpack-4.1.4/lib/action_dispatch/middleware/templates/rescues/template_error.html.erb within rescues/layout (79.9ms)


Started GET "/" for 127.0.0.1 at 2016-08-24 17:14:55 -0700
Processing by WelcomeController#index as HTML
  Rendered welcome/index.html.erb within layouts/application (0.1ms)
  [1m[36mUser Load (0.2ms)[0m  [1mSELECT  "users".* FROM "users"  WHERE "users"."id" = ? LIMIT 1[0m  [["id", 1]]
Completed 500 Internal Server Error in 78ms

ActionView::Template::Error (undefined method `username' for #<User:0x007fb99c95a9e0>):
     9: <body>
    10: 
    11: <% if current_user %>
    12:   Signed in as <%= current_user.username %> | <%= link_to "Logout", '/logout' %>
    13: <% else %>
    14:   <%= link_to 'Login', '/login' %> | <%= link_to 'Signup', '/signup' %>
    15: <% end %>
  app/views/layouts/application.html.erb:12:in `_app_views_layouts_application_html_erb__113076528448241589_70217569410760'


  Rendered /Users/maiki/.rbenv/versions/2.2.2/lib/ruby/gems/2.2.0/gems/actionpack-4.1.4/lib/action_dispatch/middleware/templates/rescues/_trace.html.erb (1.9ms)
  Rendered /Users/maiki/.rbenv/versions/2.2.2/lib/ruby/gems/2.2.0/gems/actionpack-4.1.4/lib/action_dispatch/middleware/templates/rescues/_request_and_response.html.erb (1.5ms)
  Rendered /Users/maiki/.rbenv/versions/2.2.2/lib/ruby/gems/2.2.0/gems/actionpack-4.1.4/lib/action_dispatch/middleware/templates/rescues/template_error.html.erb within rescues/layout (80.5ms)


Started GET "/" for 127.0.0.1 at 2016-08-24 17:16:51 -0700
Processing by WelcomeController#index as HTML
  Rendered welcome/index.html.erb within layouts/application (0.1ms)
  [1m[35mUser Load (0.2ms)[0m  SELECT  "users".* FROM "users"  WHERE "users"."id" = ? LIMIT 1  [["id", 1]]
Completed 500 Internal Server Error in 86ms

ActionView::Template::Error (undefined method `username' for #<User:0x007fb99a842b68>):
     9: <body>
    10: 
    11: <% if current_user %>
    12:   Signed in as <%= current_user.username %> | <%= link_to "Logout", '/logout' %>
    13: <% else %>
    14:   <%= link_to 'Login', '/login' %> | <%= link_to 'Signup', '/signup' %>
    15: <% end %>
  app/views/layouts/application.html.erb:12:in `_app_views_layouts_application_html_erb__113076528448241589_70217569410760'


  Rendered /Users/maiki/.rbenv/versions/2.2.2/lib/ruby/gems/2.2.0/gems/actionpack-4.1.4/lib/action_dispatch/middleware/templates/rescues/_trace.html.erb (1.8ms)
  Rendered /Users/maiki/.rbenv/versions/2.2.2/lib/ruby/gems/2.2.0/gems/actionpack-4.1.4/lib/action_dispatch/middleware/templates/rescues/_request_and_response.html.erb (1.3ms)
  Rendered /Users/maiki/.rbenv/versions/2.2.2/lib/ruby/gems/2.2.0/gems/actionpack-4.1.4/lib/action_dispatch/middleware/templates/rescues/template_error.html.erb within rescues/layout (78.4ms)


Started GET "/" for 127.0.0.1 at 2016-08-24 17:16:55 -0700
Processing by WelcomeController#index as HTML
  Rendered welcome/index.html.erb within layouts/application (0.1ms)
  [1m[36mUser Load (0.1ms)[0m  [1mSELECT  "users".* FROM "users"  WHERE "users"."id" = ? LIMIT 1[0m  [["id", 1]]
Completed 500 Internal Server Error in 77ms

ActionView::Template::Error (undefined method `username' for #<User:0x007fb99d869fd0>):
     9: <body>
    10: 
    11: <% if current_user %>
    12:   Signed in as <%= current_user.username %> | <%= link_to "Logout", '/logout' %>
    13: <% else %>
    14:   <%= link_to 'Login', '/login' %> | <%= link_to 'Signup', '/signup' %>
    15: <% end %>
  app/views/layouts/application.html.erb:12:in `_app_views_layouts_application_html_erb__113076528448241589_70217569410760'


  Rendered /Users/maiki/.rbenv/versions/2.2.2/lib/ruby/gems/2.2.0/gems/actionpack-4.1.4/lib/action_dispatch/middleware/templates/rescues/_trace.html.erb (1.8ms)
  Rendered /Users/maiki/.rbenv/versions/2.2.2/lib/ruby/gems/2.2.0/gems/actionpack-4.1.4/lib/action_dispatch/middleware/templates/rescues/_request_and_response.html.erb (1.6ms)
  Rendered /Users/maiki/.rbenv/versions/2.2.2/lib/ruby/gems/2.2.0/gems/actionpack-4.1.4/lib/action_dispatch/middleware/templates/rescues/template_error.html.erb within rescues/layout (77.9ms)
  [1m[36m (1.7ms)[0m  [1mCREATE TABLE "schema_migrations" ("version" varchar(255) NOT NULL) [0m
  [1m[35m (0.3ms)[0m  select sqlite_version(*)
  [1m[36m (63.9ms)[0m  [1mCREATE UNIQUE INDEX "unique_schema_migrations" ON "schema_migrations" ("version")[0m
  [1m[35mActiveRecord::SchemaMigration Load (0.2ms)[0m  SELECT "schema_migrations".* FROM "schema_migrations"
Migrating to CreateUsers (20160824233252)
  [1m[36m (0.2ms)[0m  [1mbegin transaction[0m
  [1m[35m (13.7ms)[0m  CREATE TABLE "users" ("id" INTEGER PRIMARY KEY AUTOINCREMENT NOT NULL, "username" varchar(255), "last_name" varchar(255), "first_name" varchar(255), "email" varchar(255), "password_digest" varchar(255), "created_at" datetime, "updated_at" datetime) 
  [1m[36mSQL (68.6ms)[0m  [1mINSERT INTO "schema_migrations" ("version") VALUES (?)[0m  [["version", "20160824233252"]]
  [1m[35m (3.4ms)[0m  commit transaction
Migrating to CreateRecipes (20160824234341)
  [1m[36m (0.1ms)[0m  [1mbegin transaction[0m
  [1m[35m (2.8ms)[0m  CREATE TABLE "recipes" ("id" INTEGER PRIMARY KEY AUTOINCREMENT NOT NULL, "name" varchar(255), "description" varchar(255), "category_id" integer, "user_id" integer, "days_on_menu" integer, "created_at" datetime, "updated_at" datetime) 
  [1m[36mSQL (0.2ms)[0m  [1mINSERT INTO "schema_migrations" ("version") VALUES (?)[0m  [["version", "20160824234341"]]
  [1m[35m (21.5ms)[0m  commit transaction
Migrating to CreateRatings (20160824234523)
  [1m[36m (0.1ms)[0m  [1mbegin transaction[0m
  [1m[35m (0.6ms)[0m  CREATE TABLE "ratings" ("id" INTEGER PRIMARY KEY AUTOINCREMENT NOT NULL, "rating" integer, "recipe_id" integer, "user_id" integer, "created_at" datetime, "updated_at" datetime) 
  [1m[36mSQL (0.2ms)[0m  [1mINSERT INTO "schema_migrations" ("version") VALUES (?)[0m  [["version", "20160824234523"]]
  [1m[35m (12.3ms)[0m  commit transaction
Migrating to CreateSoldDishes (20160824234700)
  [1m[36m (0.1ms)[0m  [1mbegin transaction[0m
  [1m[35m (1.4ms)[0m  CREATE TABLE "sold_dishes" ("id" INTEGER PRIMARY KEY AUTOINCREMENT NOT NULL, "price_sold" integer, "recipe_id" integer, "number_sold" integer, "created_at" datetime, "updated_at" datetime) 
  [1m[36mSQL (0.2ms)[0m  [1mINSERT INTO "schema_migrations" ("version") VALUES (?)[0m  [["version", "20160824234700"]]
  [1m[35m (267.9ms)[0m  commit transaction
Migrating to CreateCategories (20160824235009)
  [1m[36m (0.2ms)[0m  [1mbegin transaction[0m
  [1m[35m (0.6ms)[0m  CREATE TABLE "categories" ("id" INTEGER PRIMARY KEY AUTOINCREMENT NOT NULL, "category_name" varchar(255), "created_at" datetime, "updated_at" datetime) 
  [1m[36mSQL (1.0ms)[0m  [1mINSERT INTO "schema_migrations" ("version") VALUES (?)[0m  [["version", "20160824235009"]]
  [1m[35m (9.4ms)[0m  commit transaction
  [1m[36mActiveRecord::SchemaMigration Load (0.2ms)[0m  [1mSELECT "schema_migrations".* FROM "schema_migrations"[0m


Started GET "/" for 127.0.0.1 at 2016-08-24 17:17:27 -0700
Processing by WelcomeController#index as HTML
  Rendered welcome/index.html.erb within layouts/application (0.1ms)
  [1m[35mUser Load (0.2ms)[0m  SELECT  "users".* FROM "users"  WHERE "users"."id" = ? LIMIT 1  [["id", 1]]
Completed 500 Internal Server Error in 169ms

ActiveRecord::RecordNotFound (Couldn't find User with 'id'=1):
  app/controllers/application_controller.rb:7:in `current_user'
  app/views/layouts/application.html.erb:11:in `_app_views_layouts_application_html_erb__113076528448241589_70217569410760'


  Rendered /Users/maiki/.rbenv/versions/2.2.2/lib/ruby/gems/2.2.0/gems/actionpack-4.1.4/lib/action_dispatch/middleware/templates/rescues/_source.erb (1.0ms)
  Rendered /Users/maiki/.rbenv/versions/2.2.2/lib/ruby/gems/2.2.0/gems/actionpack-4.1.4/lib/action_dispatch/middleware/templates/rescues/_trace.html.erb (1.9ms)
  Rendered /Users/maiki/.rbenv/versions/2.2.2/lib/ruby/gems/2.2.0/gems/actionpack-4.1.4/lib/action_dispatch/middleware/templates/rescues/_request_and_response.html.erb (1.5ms)
  Rendered /Users/maiki/.rbenv/versions/2.2.2/lib/ruby/gems/2.2.0/gems/actionpack-4.1.4/lib/action_dispatch/middleware/templates/rescues/diagnostics.erb within rescues/layout (130.9ms)


Started POST "/users" for 127.0.0.1 at 2016-08-24 17:18:08 -0700
Processing by UsersController#create as HTML
  Parameters: {"utf8"=>"✓", "authenticity_token"=>"e1QBESB6n24jCpvbFfwTN9N+bqbrJukWbOzOtKj8Dns=", "user"=>{"name"=>"testname", "email"=>"test@test.com", "password"=>"[FILTERED]", "password_confirmation"=>"[FILTERED]"}, "commit"=>"Submit"}
Unpermitted parameters: name
  [1m[36m (0.1ms)[0m  [1mbegin transaction[0m
Binary data inserted for `string` type on column `password_digest`
  [1m[35mSQL (0.5ms)[0m  INSERT INTO "users" ("created_at", "email", "password_digest", "updated_at") VALUES (?, ?, ?, ?)  [["created_at", "2016-08-25 00:18:08.698381"], ["email", "test@test.com"], ["password_digest", "$2a$10$9GTgAXHDJce15QEwC2aq1ervsFOS70Iug.6kkUr.HNjPuHRLaRCTa"], ["updated_at", "2016-08-25 00:18:08.698381"]]
  [1m[36m (1.8ms)[0m  [1mcommit transaction[0m
Redirected to http://localhost:3000/
Completed 302 Found in 107ms (ActiveRecord: 2.4ms)


Started GET "/" for 127.0.0.1 at 2016-08-24 17:18:08 -0700
Processing by WelcomeController#index as HTML
  Rendered welcome/index.html.erb within layouts/application (0.1ms)
  [1m[35mUser Load (0.2ms)[0m  SELECT  "users".* FROM "users"  WHERE "users"."id" = ? LIMIT 1  [["id", 1]]
Completed 200 OK in 78ms (Views: 77.0ms | ActiveRecord: 0.2ms)


Started GET "/assets/recipes.css?body=1" for 127.0.0.1 at 2016-08-24 17:18:08 -0700


Started GET "/assets/users.css?body=1" for 127.0.0.1 at 2016-08-24 17:18:08 -0700


Started GET "/assets/jquery_ujs.js?body=1" for 127.0.0.1 at 2016-08-24 17:18:08 -0700


Started GET "/assets/jquery.js?body=1" for 127.0.0.1 at 2016-08-24 17:18:08 -0700


Started GET "/assets/application.css?body=1" for 127.0.0.1 at 2016-08-24 17:18:08 -0700


Started GET "/assets/recipes.js?body=1" for 127.0.0.1 at 2016-08-24 17:18:08 -0700


Started GET "/assets/application.js?body=1" for 127.0.0.1 at 2016-08-24 17:18:08 -0700


Started GET "/assets/users.js?body=1" for 127.0.0.1 at 2016-08-24 17:18:08 -0700


Started GET "/logout" for 127.0.0.1 at 2016-08-24 17:18:15 -0700
Processing by SessionsController#destroy as HTML
Completed 500 Internal Server Error in 9ms

NameError (undefined local variable or method `sessions' for #<SessionsController:0x007fb99cba96b0>):
  app/controllers/sessions_controller.rb:16:in `destroy'


  Rendered /Users/maiki/.rbenv/versions/2.2.2/lib/ruby/gems/2.2.0/gems/actionpack-4.1.4/lib/action_dispatch/middleware/templates/rescues/_source.erb (1.1ms)
  Rendered /Users/maiki/.rbenv/versions/2.2.2/lib/ruby/gems/2.2.0/gems/actionpack-4.1.4/lib/action_dispatch/middleware/templates/rescues/_trace.html.erb (1.8ms)
  Rendered /Users/maiki/.rbenv/versions/2.2.2/lib/ruby/gems/2.2.0/gems/actionpack-4.1.4/lib/action_dispatch/middleware/templates/rescues/_request_and_response.html.erb (2.2ms)
  Rendered /Users/maiki/.rbenv/versions/2.2.2/lib/ruby/gems/2.2.0/gems/actionpack-4.1.4/lib/action_dispatch/middleware/templates/rescues/diagnostics.erb within rescues/layout (127.1ms)


Started GET "/logout" for 127.0.0.1 at 2016-08-24 17:18:52 -0700
Processing by SessionsController#destroy as HTML
Redirected to http://localhost:3000/login
Completed 302 Found in 1ms (ActiveRecord: 0.0ms)


Started GET "/login" for 127.0.0.1 at 2016-08-24 17:18:52 -0700
Processing by SessionsController#new as HTML
  Rendered sessions/new.html.erb within layouts/application (0.6ms)
Completed 200 OK in 84ms (Views: 82.5ms | ActiveRecord: 0.0ms)


Started GET "/assets/recipes.css?body=1" for 127.0.0.1 at 2016-08-24 17:18:52 -0700


Started GET "/assets/users.css?body=1" for 127.0.0.1 at 2016-08-24 17:18:52 -0700


Started GET "/assets/welcome.css?body=1" for 127.0.0.1 at 2016-08-24 17:18:52 -0700


Started GET "/assets/application.css?body=1" for 127.0.0.1 at 2016-08-24 17:18:52 -0700


Started GET "/assets/jquery_ujs.js?body=1" for 127.0.0.1 at 2016-08-24 17:18:52 -0700


Started GET "/assets/jquery.js?body=1" for 127.0.0.1 at 2016-08-24 17:18:52 -0700


Started GET "/assets/recipes.js?body=1" for 127.0.0.1 at 2016-08-24 17:18:52 -0700


Started GET "/assets/turbolinks.js?body=1" for 127.0.0.1 at 2016-08-24 17:18:52 -0700


Started GET "/assets/users.js?body=1" for 127.0.0.1 at 2016-08-24 17:18:52 -0700


Started GET "/assets/welcome.js?body=1" for 127.0.0.1 at 2016-08-24 17:18:52 -0700


Started GET "/assets/application.js?body=1" for 127.0.0.1 at 2016-08-24 17:18:52 -0700


Started GET "/logout" for 127.0.0.1 at 2016-08-24 17:18:56 -0700
Processing by SessionsController#destroy as HTML
Redirected to http://localhost:3000/login
Completed 302 Found in 1ms (ActiveRecord: 0.0ms)


Started GET "/login" for 127.0.0.1 at 2016-08-24 17:18:56 -0700
Processing by SessionsController#new as HTML
  Rendered sessions/new.html.erb within layouts/application (2.0ms)
Completed 200 OK in 85ms (Views: 84.0ms | ActiveRecord: 0.0ms)


Started GET "/login" for 127.0.0.1 at 2016-08-24 17:19:06 -0700
Processing by SessionsController#new as HTML
  Rendered sessions/new.html.erb within layouts/application (1.5ms)
Completed 200 OK in 88ms (Views: 87.2ms | ActiveRecord: 0.0ms)


Started POST "/login" for 127.0.0.1 at 2016-08-24 17:19:15 -0700
Processing by SessionsController#create as HTML
  Parameters: {"utf8"=>"✓", "authenticity_token"=>"e1QBESB6n24jCpvbFfwTN9N+bqbrJukWbOzOtKj8Dns=", "email"=>"test@test.com", "password"=>"[FILTERED]", "commit"=>"Submit"}
  [1m[36mUser Load (0.2ms)[0m  [1mSELECT  "users".* FROM "users"  WHERE "users"."email" = 'test@test.com' LIMIT 1[0m
Completed 500 Internal Server Error in 135ms

NameError (undefined local variable or method `sessions' for #<SessionsController:0x007fb99a6ba660>):
  app/controllers/sessions_controller.rb:8:in `create'


  Rendered /Users/maiki/.rbenv/versions/2.2.2/lib/ruby/gems/2.2.0/gems/actionpack-4.1.4/lib/action_dispatch/middleware/templates/rescues/_source.erb (1.0ms)
  Rendered /Users/maiki/.rbenv/versions/2.2.2/lib/ruby/gems/2.2.0/gems/actionpack-4.1.4/lib/action_dispatch/middleware/templates/rescues/_trace.html.erb (2.3ms)
  Rendered /Users/maiki/.rbenv/versions/2.2.2/lib/ruby/gems/2.2.0/gems/actionpack-4.1.4/lib/action_dispatch/middleware/templates/rescues/_request_and_response.html.erb (1.5ms)
  Rendered /Users/maiki/.rbenv/versions/2.2.2/lib/ruby/gems/2.2.0/gems/actionpack-4.1.4/lib/action_dispatch/middleware/templates/rescues/diagnostics.erb within rescues/layout (120.5ms)


Started POST "/login" for 127.0.0.1 at 2016-08-24 17:19:26 -0700
Processing by SessionsController#create as HTML
  Parameters: {"utf8"=>"✓", "authenticity_token"=>"e1QBESB6n24jCpvbFfwTN9N+bqbrJukWbOzOtKj8Dns=", "email"=>"test@test.com", "password"=>"[FILTERED]", "commit"=>"Submit"}
  [1m[35mUser Load (0.2ms)[0m  SELECT  "users".* FROM "users"  WHERE "users"."email" = 'test@test.com' LIMIT 1
Redirected to http://localhost:3000/
Completed 302 Found in 107ms (ActiveRecord: 0.8ms)


Started GET "/" for 127.0.0.1 at 2016-08-24 17:19:26 -0700
Processing by WelcomeController#index as HTML
  Rendered welcome/index.html.erb within layouts/application (0.1ms)
  [1m[36mUser Load (0.2ms)[0m  [1mSELECT  "users".* FROM "users"  WHERE "users"."id" = ? LIMIT 1[0m  [["id", 1]]
Completed 200 OK in 78ms (Views: 76.9ms | ActiveRecord: 0.2ms)


Started GET "/assets/recipes.css?body=1" for 127.0.0.1 at 2016-08-24 17:19:26 -0700


Started GET "/assets/users.css?body=1" for 127.0.0.1 at 2016-08-24 17:19:26 -0700


Started GET "/assets/application.css?body=1" for 127.0.0.1 at 2016-08-24 17:19:26 -0700


Started GET "/assets/welcome.css?body=1" for 127.0.0.1 at 2016-08-24 17:19:26 -0700


Started GET "/assets/jquery_ujs.js?body=1" for 127.0.0.1 at 2016-08-24 17:19:26 -0700


Started GET "/assets/jquery.js?body=1" for 127.0.0.1 at 2016-08-24 17:19:26 -0700


Started GET "/assets/recipes.js?body=1" for 127.0.0.1 at 2016-08-24 17:19:26 -0700


Started GET "/assets/turbolinks.js?body=1" for 127.0.0.1 at 2016-08-24 17:19:26 -0700


Started GET "/assets/users.js?body=1" for 127.0.0.1 at 2016-08-24 17:19:26 -0700


Started GET "/assets/welcome.js?body=1" for 127.0.0.1 at 2016-08-24 17:19:26 -0700


Started GET "/assets/application.js?body=1" for 127.0.0.1 at 2016-08-24 17:19:26 -0700


Started GET "/logout" for 127.0.0.1 at 2016-08-24 17:19:28 -0700
Processing by SessionsController#destroy as HTML
Redirected to http://localhost:3000/login
Completed 302 Found in 1ms (ActiveRecord: 0.0ms)


Started GET "/login" for 127.0.0.1 at 2016-08-24 17:19:28 -0700
Processing by SessionsController#new as HTML
  Rendered sessions/new.html.erb within layouts/application (0.6ms)
Completed 200 OK in 78ms (Views: 77.0ms | ActiveRecord: 0.0ms)


Started GET "/signup" for 127.0.0.1 at 2016-08-24 17:19:31 -0700
Processing by UsersController#new as HTML
  Rendered users/new.html.erb within layouts/application (1.2ms)
Completed 200 OK in 119ms (Views: 117.2ms | ActiveRecord: 0.0ms)


Started POST "/users" for 127.0.0.1 at 2016-08-24 17:19:45 -0700
Processing by UsersController#create as HTML
  Parameters: {"utf8"=>"✓", "authenticity_token"=>"e1QBESB6n24jCpvbFfwTN9N+bqbrJukWbOzOtKj8Dns=", "user"=>{"name"=>"test2", "email"=>"testtesttest@test.com", "password"=>"[FILTERED]", "password_confirmation"=>"[FILTERED]"}, "commit"=>"Submit"}
Unpermitted parameters: name
  [1m[35m (0.3ms)[0m  begin transaction
Binary data inserted for `string` type on column `password_digest`
  [1m[36mSQL (0.4ms)[0m  [1mINSERT INTO "users" ("created_at", "email", "password_digest", "updated_at") VALUES (?, ?, ?, ?)[0m  [["created_at", "2016-08-25 00:19:45.247725"], ["email", "testtesttest@test.com"], ["password_digest", "$2a$10$eU/xYFhetNiSKEBxFRfaiOEls2NTYaGto1e4T1jVByggSSlS9HtCi"], ["updated_at", "2016-08-25 00:19:45.247725"]]
  [1m[35m (1.6ms)[0m  commit transaction
Redirected to http://localhost:3000/
Completed 302 Found in 100ms (ActiveRecord: 2.4ms)


Started GET "/" for 127.0.0.1 at 2016-08-24 17:19:45 -0700
Processing by WelcomeController#index as HTML
  Rendered welcome/index.html.erb within layouts/application (0.1ms)
  [1m[36mUser Load (0.2ms)[0m  [1mSELECT  "users".* FROM "users"  WHERE "users"."id" = ? LIMIT 1[0m  [["id", 2]]
Completed 200 OK in 81ms (Views: 79.9ms | ActiveRecord: 0.2ms)


Started GET "/assets/recipes.css?body=1" for 127.0.0.1 at 2016-08-24 17:19:45 -0700


Started GET "/assets/welcome.css?body=1" for 127.0.0.1 at 2016-08-24 17:19:45 -0700


Started GET "/assets/users.css?body=1" for 127.0.0.1 at 2016-08-24 17:19:45 -0700


Started GET "/assets/jquery_ujs.js?body=1" for 127.0.0.1 at 2016-08-24 17:19:45 -0700


Started GET "/assets/jquery.js?body=1" for 127.0.0.1 at 2016-08-24 17:19:45 -0700


Started GET "/assets/application.css?body=1" for 127.0.0.1 at 2016-08-24 17:19:45 -0700


Started GET "/assets/welcome.js?body=1" for 127.0.0.1 at 2016-08-24 17:19:45 -0700


Started GET "/assets/users.js?body=1" for 127.0.0.1 at 2016-08-24 17:19:45 -0700


Started GET "/assets/recipes.js?body=1" for 127.0.0.1 at 2016-08-24 17:19:45 -0700


Started GET "/assets/application.js?body=1" for 127.0.0.1 at 2016-08-24 17:19:45 -0700


Started GET "/assets/turbolinks.js?body=1" for 127.0.0.1 at 2016-08-24 17:19:45 -0700


Started GET "/logout" for 127.0.0.1 at 2016-08-24 17:19:49 -0700
Processing by SessionsController#destroy as HTML
Redirected to http://localhost:3000/login
Completed 302 Found in 1ms (ActiveRecord: 0.0ms)


Started GET "/login" for 127.0.0.1 at 2016-08-24 17:19:49 -0700
Processing by SessionsController#new as HTML
  Rendered sessions/new.html.erb within layouts/application (0.6ms)
Completed 200 OK in 72ms (Views: 71.6ms | ActiveRecord: 0.0ms)


Started POST "/login" for 127.0.0.1 at 2016-08-24 17:20:00 -0700
Processing by SessionsController#create as HTML
  Parameters: {"utf8"=>"✓", "authenticity_token"=>"e1QBESB6n24jCpvbFfwTN9N+bqbrJukWbOzOtKj8Dns=", "email"=>"testtesttest@test.com", "password"=>"[FILTERED]", "commit"=>"Submit"}
  [1m[35mUser Load (0.3ms)[0m  SELECT  "users".* FROM "users"  WHERE "users"."email" = 'testtesttest@test.com' LIMIT 1
Redirected to http://localhost:3000/
Completed 302 Found in 99ms (ActiveRecord: 0.3ms)


Started GET "/" for 127.0.0.1 at 2016-08-24 17:20:00 -0700
Processing by WelcomeController#index as HTML
  Rendered welcome/index.html.erb within layouts/application (0.1ms)
  [1m[36mUser Load (0.2ms)[0m  [1mSELECT  "users".* FROM "users"  WHERE "users"."id" = ? LIMIT 1[0m  [["id", 2]]
Completed 200 OK in 79ms (Views: 78.4ms | ActiveRecord: 0.2ms)


Started GET "/assets/users.css?body=1" for 127.0.0.1 at 2016-08-24 17:20:00 -0700


Started GET "/assets/recipes.css?body=1" for 127.0.0.1 at 2016-08-24 17:20:00 -0700


Started GET "/assets/turbolinks.js?body=1" for 127.0.0.1 at 2016-08-24 17:20:00 -0700


Started GET "/assets/users.js?body=1" for 127.0.0.1 at 2016-08-24 17:20:00 -0700


Started GET "/assets/jquery_ujs.js?body=1" for 127.0.0.1 at 2016-08-24 17:20:00 -0700


Started GET "/assets/recipes.js?body=1" for 127.0.0.1 at 2016-08-24 17:20:00 -0700


Started GET "/assets/application.js?body=1" for 127.0.0.1 at 2016-08-24 17:20:00 -0700


Started GET "/assets/welcome.css?body=1" for 127.0.0.1 at 2016-08-24 17:20:00 -0700


Started GET "/assets/jquery.js?body=1" for 127.0.0.1 at 2016-08-24 17:20:00 -0700


Started GET "/assets/application.css?body=1" for 127.0.0.1 at 2016-08-24 17:20:00 -0700


Started GET "/assets/welcome.js?body=1" for 127.0.0.1 at 2016-08-24 17:20:00 -0700


Started GET "/" for 127.0.0.1 at 2016-08-24 17:21:48 -0700
Processing by WelcomeController#index as HTML
  Rendered welcome/index.html.erb within layouts/application (0.1ms)
  [1m[35mUser Load (0.2ms)[0m  SELECT  "users".* FROM "users"  WHERE "users"."id" = ? LIMIT 1  [["id", 2]]
Completed 200 OK in 94ms (Views: 92.5ms | ActiveRecord: 0.9ms)


Started GET "/assets/welcome.css?body=1" for 127.0.0.1 at 2016-08-24 17:21:49 -0700


Started GET "/assets/users.css?body=1" for 127.0.0.1 at 2016-08-24 17:21:49 -0700


Started GET "/assets/application.css?body=1" for 127.0.0.1 at 2016-08-24 17:21:49 -0700


Started GET "/assets/turbolinks.js?body=1" for 127.0.0.1 at 2016-08-24 17:21:49 -0700


Started GET "/assets/recipes.js?body=1" for 127.0.0.1 at 2016-08-24 17:21:49 -0700


Started GET "/assets/jquery.js?body=1" for 127.0.0.1 at 2016-08-24 17:21:49 -0700


Started GET "/assets/jquery_ujs.js?body=1" for 127.0.0.1 at 2016-08-24 17:21:49 -0700


Started GET "/assets/welcome.js?body=1" for 127.0.0.1 at 2016-08-24 17:21:49 -0700


Started GET "/assets/application.js?body=1" for 127.0.0.1 at 2016-08-24 17:21:49 -0700


Started GET "/assets/users.js?body=1" for 127.0.0.1 at 2016-08-24 17:21:49 -0700


Started GET "/assets/recipes.css?body=1" for 127.0.0.1 at 2016-08-24 17:21:49 -0700


Started GET "/logout" for 127.0.0.1 at 2016-08-24 17:21:50 -0700
Processing by SessionsController#destroy as HTML
Redirected to http://localhost:3000/login
Completed 302 Found in 1ms (ActiveRecord: 0.0ms)


Started GET "/login" for 127.0.0.1 at 2016-08-24 17:21:50 -0700
Processing by SessionsController#new as HTML
  Rendered sessions/new.html.erb within layouts/application (0.6ms)
Completed 200 OK in 73ms (Views: 72.2ms | ActiveRecord: 0.0ms)


Started POST "/login" for 127.0.0.1 at 2016-08-24 17:21:58 -0700
Processing by SessionsController#create as HTML
  Parameters: {"utf8"=>"✓", "authenticity_token"=>"e1QBESB6n24jCpvbFfwTN9N+bqbrJukWbOzOtKj8Dns=", "email"=>"testtesttest@test.com", "password"=>"[FILTERED]", "commit"=>"Submit"}
  [1m[36mUser Load (0.2ms)[0m  [1mSELECT  "users".* FROM "users"  WHERE "users"."email" = 'testtesttest@test.com' LIMIT 1[0m
Redirected to http://localhost:3000/users/2
Completed 302 Found in 99ms (ActiveRecord: 0.2ms)


Started GET "/users/2" for 127.0.0.1 at 2016-08-24 17:21:59 -0700
Processing by UsersController#show as HTML
  Parameters: {"id"=>"2"}
  Rendered users/show.html.erb within layouts/application (0.5ms)
  [1m[35mUser Load (0.2ms)[0m  SELECT  "users".* FROM "users"  WHERE "users"."id" = ? LIMIT 1  [["id", 2]]
Completed 200 OK in 94ms (Views: 93.0ms | ActiveRecord: 0.2ms)


Started GET "/assets/recipes.css?body=1" for 127.0.0.1 at 2016-08-24 17:21:59 -0700


Started GET "/assets/application.css?body=1" for 127.0.0.1 at 2016-08-24 17:21:59 -0700


Started GET "/assets/welcome.css?body=1" for 127.0.0.1 at 2016-08-24 17:21:59 -0700


Started GET "/assets/jquery_ujs.js?body=1" for 127.0.0.1 at 2016-08-24 17:21:59 -0700


Started GET "/assets/users.css?body=1" for 127.0.0.1 at 2016-08-24 17:21:59 -0700


Started GET "/assets/turbolinks.js?body=1" for 127.0.0.1 at 2016-08-24 17:21:59 -0700


Started GET "/assets/jquery.js?body=1" for 127.0.0.1 at 2016-08-24 17:21:59 -0700


Started GET "/assets/recipes.js?body=1" for 127.0.0.1 at 2016-08-24 17:21:59 -0700


Started GET "/assets/users.js?body=1" for 127.0.0.1 at 2016-08-24 17:21:59 -0700


Started GET "/assets/welcome.js?body=1" for 127.0.0.1 at 2016-08-24 17:21:59 -0700


Started GET "/assets/application.js?body=1" for 127.0.0.1 at 2016-08-24 17:21:59 -0700


Started GET "/logout" for 127.0.0.1 at 2016-08-24 17:22:05 -0700
Processing by SessionsController#destroy as HTML
Redirected to http://localhost:3000/login
Completed 302 Found in 1ms (ActiveRecord: 0.0ms)


Started GET "/login" for 127.0.0.1 at 2016-08-24 17:22:05 -0700
Processing by SessionsController#new as HTML
  Rendered sessions/new.html.erb within layouts/application (0.5ms)
Completed 200 OK in 71ms (Views: 70.0ms | ActiveRecord: 0.0ms)


Started GET "/signup" for 127.0.0.1 at 2016-08-24 17:23:14 -0700
Processing by UsersController#new as HTML
  Rendered users/new.html.erb within layouts/application (0.9ms)
Completed 200 OK in 102ms (Views: 101.4ms | ActiveRecord: 0.0ms)


Started GET "/login" for 127.0.0.1 at 2016-08-24 17:23:34 -0700
Processing by SessionsController#new as HTML
  Rendered sessions/new.html.erb within layouts/application (0.6ms)
Completed 200 OK in 71ms (Views: 69.8ms | ActiveRecord: 0.0ms)
